


ARM Macro Assembler    Page 1 


    1 00000000         
    2 00000000                 PRESERVE8
    3 00000000                 AREA             F1C100S_INIT, CODE, READONLY
    4 00000000         
    5 00000000                 IMPORT           Vector_Table
    6 00000000                 IMPORT           __main
    7 00000000         
    8 00000000         ;--------------------------------------------
    9 00000000         ; Mode bits and interrupt flag (I&F) defines
   10 00000000         ;--------------------------------------------
   11 00000000 00000010 
                       USR_MODE
                               EQU              0x10
   12 00000000 00000011 
                       FIQ_MODE
                               EQU              0x11
   13 00000000 00000012 
                       IRQ_MODE
                               EQU              0x12
   14 00000000 00000013 
                       SVC_MODE
                               EQU              0x13
   15 00000000 00000017 
                       ABT_MODE
                               EQU              0x17
   16 00000000 0000001B 
                       UDF_MODE
                               EQU              0x1B
   17 00000000 0000001F 
                       SYS_MODE
                               EQU              0x1F
   18 00000000 00000080 
                       I_BIT   EQU              0x80
   19 00000000 00000040 
                       F_BIT   EQU              0x40
   20 00000000         
   21 00000000 80000000 
                       DRAM_ADDR
                               EQU              (0x80000000)
   22 00000000 02000000 
                       DRAM_SIZE
                               EQU              (0x2000000) ;F1C100S=0x2000000 
                                                            F1C200S=0x4000000 
   23 00000000 00004000 
                       MMU_TAB_SIZE
                               EQU              (0x4000)    ;16KB
   24 00000000         
   25 00000000 81FFC000 
                       RAM_Limit
                               EQU              (DRAM_ADDR+DRAM_SIZE-MMU_TAB_SI
ZE)
   26 00000000 81FFC000 
                       USR_Stack
                               EQU              RAM_Limit
   27 00000000 81FEF800 
                       IRQ_Stack
                               EQU              (USR_Stack-1024*50)
   28 00000000 81FE3000 
                       SVC_Stack



ARM Macro Assembler    Page 2 


                               EQU              (IRQ_Stack-1024*50)
   29 00000000         
   30 00000000                 ENTRY
   31 00000000                 EXPORT           Reset_Go
   32 00000000         
   33 00000000         Reset_Go
   34 00000000         
   35 00000000         ;--------------------------------
   36 00000000         ; Initial Stack Pointer register
   37 00000000         ;--------------------------------
   38 00000000         ;INIT_STACK
   39 00000000 E321F0D2        MSR              CPSR_c, #IRQ_MODE :OR: I_BIT :O
R: F_BIT
   40 00000004 E59FD040        LDR              SP, =IRQ_Stack
   41 00000008         
   42 00000008 E321F0DF        MSR              CPSR_c, #SYS_MODE :OR: I_BIT :O
R: F_BIT
   43 0000000C E59FD03C        LDR              SP, =USR_Stack
   44 00000010         
   45 00000010 E321F0D3        MSR              CPSR_c, #SVC_MODE :OR: I_BIT :O
R: F_BIT
   46 00000014 E59FD038        LDR              SP, =SVC_Stack
   47 00000018         
   48 00000018         ;------------------------------------------------------
   49 00000018         ; Set the normal exception vector of CP15 control bit
   50 00000018         ;------------------------------------------------------
   51 00000018 EE110F10        MRC              p15, 0, r0 , c1, c0 ; r0 := cp1
                                                            5 register 1
   52 0000001C E3C00A02        bic              r0, r0, #0x2000 ; Clear bit13 i
                                                            n r1 =0低端向量表 =
                                                            1高端向量表
   53 00000020 EE010F10        MCR              p15, 0, r0 , c1, c0 ; cp15 regi
                                                            ster 1 := r0
   54 00000024         
   55 00000024         
   56 00000024 E59F002C        ldr              r0, = Vector_Table
   57 00000028 EE112F10        mrc              p15, 0, r2, c1, c0, 0 ;读出CP15
                                                            
   58 0000002C E2122A02        ands             r2, r2, #(1 << 13) ;取13位判断
   59 00000030 03A01000        ldreq            r1, =0x00000000 ;值=0  Z=1相等
   60 00000034 159F1020        ldrne            r1, =0xFFFF0000 
                                                            ;值!=0 Z=0 不相等
   61 00000038         
   62 00000038         
   63 00000038 E8B005FC        ldmia            r0!, {r2-r8, r10}
   64 0000003C E8A105FC        stmia            r1!, {r2-r8, r10}
   65 00000040 E8B005FC        ldmia            r0!, {r2-r8, r10}
   66 00000044 E8A105FC        stmia            r1!, {r2-r8, r10}
   67 00000048         
   68 00000048         
   69 00000048         ;-----------------------------
   70 00000048         ;   enter the C code
   71 00000048         ;-----------------------------
   72 00000048 EAFFFFFE        B                __main
   73 0000004C         
   74 0000004C         
   75 0000004C         
   76 0000004C                 END
              81FEF800 



ARM Macro Assembler    Page 3 


              81FFC000 
              81FE3000 
              00000000 
              FFFF0000 
Command Line: --debug --xref --diag_suppress=9931 --cpu=ARM926EJ-S --apcs=inter
work --depend=.\obj\sys_start.d -o.\obj\sys_start.o -ID:\01_SoftWare\keil5\ARM\
RV31\INC -ID:\01_SoftWare\keil5\ARM\CMSIS\Include -ID:\01_SoftWare\keil5\ARM\IN
C\Toshiba --predefine="__UVISION_VERSION SETA 528" --list=.\lst\sys_start.lst .
.\Driver\Source\sys_start.s



ARM Macro Assembler    Page 1 Alphabetic symbol ordering
Relocatable symbols

F1C100S_INIT 00000000

Symbol: F1C100S_INIT
   Definitions
      At line 3 in file ..\Driver\Source\sys_start.s
   Uses
      None
Comment: F1C100S_INIT unused
Reset_Go 00000000

Symbol: Reset_Go
   Definitions
      At line 33 in file ..\Driver\Source\sys_start.s
   Uses
      At line 31 in file ..\Driver\Source\sys_start.s
Comment: Reset_Go used once
2 symbols



ARM Macro Assembler    Page 1 Alphabetic symbol ordering
Absolute symbols

ABT_MODE 00000017

Symbol: ABT_MODE
   Definitions
      At line 15 in file ..\Driver\Source\sys_start.s
   Uses
      None
Comment: ABT_MODE unused
DRAM_ADDR 80000000

Symbol: DRAM_ADDR
   Definitions
      At line 21 in file ..\Driver\Source\sys_start.s
   Uses
      At line 25 in file ..\Driver\Source\sys_start.s
Comment: DRAM_ADDR used once
DRAM_SIZE 02000000

Symbol: DRAM_SIZE
   Definitions
      At line 22 in file ..\Driver\Source\sys_start.s
   Uses
      At line 25 in file ..\Driver\Source\sys_start.s
Comment: DRAM_SIZE used once
FIQ_MODE 00000011

Symbol: FIQ_MODE
   Definitions
      At line 12 in file ..\Driver\Source\sys_start.s
   Uses
      None
Comment: FIQ_MODE unused
F_BIT 00000040

Symbol: F_BIT
   Definitions
      At line 19 in file ..\Driver\Source\sys_start.s
   Uses
      At line 39 in file ..\Driver\Source\sys_start.s
      At line 42 in file ..\Driver\Source\sys_start.s
      At line 45 in file ..\Driver\Source\sys_start.s

IRQ_MODE 00000012

Symbol: IRQ_MODE
   Definitions
      At line 13 in file ..\Driver\Source\sys_start.s
   Uses
      At line 39 in file ..\Driver\Source\sys_start.s
Comment: IRQ_MODE used once
IRQ_Stack 81FEF800

Symbol: IRQ_Stack
   Definitions
      At line 27 in file ..\Driver\Source\sys_start.s
   Uses
      At line 28 in file ..\Driver\Source\sys_start.s
      At line 40 in file ..\Driver\Source\sys_start.s




ARM Macro Assembler    Page 2 Alphabetic symbol ordering
Absolute symbols

I_BIT 00000080

Symbol: I_BIT
   Definitions
      At line 18 in file ..\Driver\Source\sys_start.s
   Uses
      At line 39 in file ..\Driver\Source\sys_start.s
      At line 42 in file ..\Driver\Source\sys_start.s
      At line 45 in file ..\Driver\Source\sys_start.s

MMU_TAB_SIZE 00004000

Symbol: MMU_TAB_SIZE
   Definitions
      At line 23 in file ..\Driver\Source\sys_start.s
   Uses
      At line 25 in file ..\Driver\Source\sys_start.s
Comment: MMU_TAB_SIZE used once
RAM_Limit 81FFC000

Symbol: RAM_Limit
   Definitions
      At line 25 in file ..\Driver\Source\sys_start.s
   Uses
      At line 26 in file ..\Driver\Source\sys_start.s
Comment: RAM_Limit used once
SVC_MODE 00000013

Symbol: SVC_MODE
   Definitions
      At line 14 in file ..\Driver\Source\sys_start.s
   Uses
      At line 45 in file ..\Driver\Source\sys_start.s
Comment: SVC_MODE used once
SVC_Stack 81FE3000

Symbol: SVC_Stack
   Definitions
      At line 28 in file ..\Driver\Source\sys_start.s
   Uses
      At line 46 in file ..\Driver\Source\sys_start.s
Comment: SVC_Stack used once
SYS_MODE 0000001F

Symbol: SYS_MODE
   Definitions
      At line 17 in file ..\Driver\Source\sys_start.s
   Uses
      At line 42 in file ..\Driver\Source\sys_start.s
Comment: SYS_MODE used once
UDF_MODE 0000001B

Symbol: UDF_MODE
   Definitions
      At line 16 in file ..\Driver\Source\sys_start.s
   Uses
      None
Comment: UDF_MODE unused
USR_MODE 00000010



ARM Macro Assembler    Page 3 Alphabetic symbol ordering
Absolute symbols


Symbol: USR_MODE
   Definitions
      At line 11 in file ..\Driver\Source\sys_start.s
   Uses
      None
Comment: USR_MODE unused
USR_Stack 81FFC000

Symbol: USR_Stack
   Definitions
      At line 26 in file ..\Driver\Source\sys_start.s
   Uses
      At line 27 in file ..\Driver\Source\sys_start.s
      At line 43 in file ..\Driver\Source\sys_start.s

16 symbols



ARM Macro Assembler    Page 1 Alphabetic symbol ordering
External symbols

Vector_Table 00000000

Symbol: Vector_Table
   Definitions
      At line 5 in file ..\Driver\Source\sys_start.s
   Uses
      At line 56 in file ..\Driver\Source\sys_start.s
Comment: Vector_Table used once
__main 00000000

Symbol: __main
   Definitions
      At line 6 in file ..\Driver\Source\sys_start.s
   Uses
      At line 72 in file ..\Driver\Source\sys_start.s
Comment: __main used once
2 symbols
353 symbols in table
