


ARM Macro Assembler    Page 1 


    1 00000000         
    2 00000000                 PRESERVE8
    3 00000000                 AREA             Vect, CODE, READONLY
    4 00000000         
    5 00000000         
    6 00000000                 EXPORT           Vector_Table
    7 00000000                 IMPORT           SWI_Handler2
    8 00000000                 IMPORT           IRQ_Handler2
    9 00000000         ; *****************
   10 00000000         ; Exception Vectors
   11 00000000         ; *****************
   12 00000000         
   13 00000000         ; Note: LDR PC instructions are used here, though branch
                        (B) instructions
   14 00000000         ; could also be used, unless the ROM is at an address >3
                       2MB.
   15 00000000         
   16 00000000         ;        ENTRY
   17 00000000         Vector_Table
   18 00000000 EAFFFFFE        B                Reset_Go
   19 00000004 E59FF018        LDR              PC, Undefined_Addr
   20 00000008 E59FF018        LDR              PC, SWI_Addr
   21 0000000C E59FF018        LDR              PC, Prefetch_Addr
   22 00000010 E59FF018        LDR              PC, Abort_Addr
   23 00000014 E1A00000        NOP                          ; Reserved vector
   24 00000018 E59FF018        LDR              PC, IRQ_Addr
   25 0000001C E59FF018        LDR              PC, FIQ_Addr
   26 00000020         
   27 00000020         
   28 00000020                 IMPORT           Reset_Go    ; In sys_start.s
   29 00000020         
   30 00000020 00000000 
                       Reset_Addr
                               DCD              Reset_Go
   31 00000024 00000000 
                       Undefined_Addr
                               DCD              Undefined_Handler
   32 00000028 00000000 
                       SWI_Addr
                               DCD              SWI_Handler
   33 0000002C 00000000 
                       Prefetch_Addr
                               DCD              Prefetch_Handler
   34 00000030 00000000 
                       Abort_Addr
                               DCD              Abort_Handler
   35 00000034 00000000        DCD              0
   36 00000038 00000000 
                       IRQ_Addr
                               DCD              IRQ_Handler
   37 0000003C 00000000 
                       FIQ_Addr
                               DCD              FIQ_Handler
   38 00000040         
   39 00000040         
   40 00000040         ; ************************
   41 00000040         ; Exception Handlers
   42 00000040         ; ************************
   43 00000040         



ARM Macro Assembler    Page 2 


   44 00000040         ; The following dummy handlers do not do anything useful
                        in this example.
   45 00000040         ; They are set up here for completeness.
   46 00000040         
   47 00000040         
   48 00000040         Undefined_Handler
   49 00000040 EAFFFFFE        B                Undefined_Handler
   50 00000044         SWI_Handler
   51 00000044 EAFFFFFE        B                SWI_Handler2
   52 00000048         Prefetch_Handler
   53 00000048 EAFFFFFE        B                Prefetch_Handler
   54 0000004C         Abort_Handler
   55 0000004C EAFFFFFE        B                Abort_Handler
   56 00000050 E1A00000        NOP
   57 00000054         IRQ_Handler
   58 00000054 EA000000        B                IRQ_Handler1
   59 00000058         FIQ_Handler
   60 00000058 EAFFFFFE        B                FIQ_Handler
   61 0000005C         
   62 0000005C         
   63 0000005C         
   64 0000005C         IRQ_Handler1
   65 0000005C         
   66 0000005C         
   67 0000005C E52DE004        push             {lr}        ;/* ‰øùÂ≠òlrÂú∞ÂùÄ 
                                                            */
   68 00000060 E92D100F        push             {r0-r3, r12} ;/* ‰øùÂ≠òr0-r3Ôºå
                                                            r12ÂØÑÂ≠òÂô® */
   69 00000064 E14F0000        mrs              r0, spsr    ;/* ËØªÂèñspsrÂØÑÂ≠
                                                            òÂô® */
   70 00000068 E52D0004        push             {r0}        ;/* ‰øùÂ≠òspsrÂØÑÂ≠
                                                            òÂô® */
   71 0000006C         
   72 0000006C E321F093        MSR              CPSR_c, #(0x80:OR:0x13) ;/* Ëøõ
                                                            ÂÖ•SVCÊ®°ÂºèÔºåÂÖÅË
                                                            Æ∏ÂÖ∂‰ªñ‰∏≠Êñ≠ÂÜçÊ¨
                                                            °ËøõÂéª */
   73 00000070 E52DE004        push             {lr}        ;/* ‰øùÂ≠òlrÂú∞ÂùÄ 
                                                            */
   74 00000074         
   75 00000074         ;  //-----------------------------------------------
   76 00000074 EBFFFFFE        bl               IRQ_Handler2
   77 00000078         ;  //-----------------------------------------------
   78 00000078         
   79 00000078 E49DE004        pop              {lr}        ;/* lrÂá∫Ê†à */
   80 0000007C E321F092        MSR              CPSR_c, #(0x80:OR:0x12) ;/* Ëøõ
                                                            ÂÖ•IRQÊ®°Âºè */
   81 00000080         
   82 00000080 E49D0004        pop              {r0}        ;      
   83 00000084 E16FF000        msr              spsr_cxsf, r0 ;/* ÊÅ¢Â§çspsr */
                                                            
   84 00000088 E8BD100F        pop              {r0-r3, r12} ;/* r0-r3,r12Âá∫Ê†
                                                            à */
   85 0000008C E49DE004        pop              {lr}        ;/* lrÂá∫Ê†à */
   86 00000090 E25EF004        subs             pc, lr, #4  ;/* Â∞Ülr-4ËµãÁªôpc
                                                             */ 
   87 00000094         
   88 00000094         
   89 00000094                 END



ARM Macro Assembler    Page 3 


Command Line: --debug --xref --diag_suppress=9931 --cpu=ARM926EJ-S --apcs=inter
work --depend=.\obj\vectors.d -o.\obj\vectors.o -ID:\01_SoftWare\keil5\ARM\RV31
\INC -ID:\01_SoftWare\keil5\ARM\CMSIS\Include -ID:\01_SoftWare\keil5\ARM\INC\To
shiba --predefine="__UVISION_VERSION SETA 528" --list=.\lst\vectors.lst ..\Driv
er\Source\vectors.s



ARM Macro Assembler    Page 1 Alphabetic symbol ordering
Relocatable symbols

Abort_Addr 00000030

Symbol: Abort_Addr
   Definitions
      At line 34 in file ..\Driver\Source\vectors.s
   Uses
      At line 22 in file ..\Driver\Source\vectors.s
Comment: Abort_Addr used once
Abort_Handler 0000004C

Symbol: Abort_Handler
   Definitions
      At line 54 in file ..\Driver\Source\vectors.s
   Uses
      At line 34 in file ..\Driver\Source\vectors.s
      At line 55 in file ..\Driver\Source\vectors.s

FIQ_Addr 0000003C

Symbol: FIQ_Addr
   Definitions
      At line 37 in file ..\Driver\Source\vectors.s
   Uses
      At line 25 in file ..\Driver\Source\vectors.s
Comment: FIQ_Addr used once
FIQ_Handler 00000058

Symbol: FIQ_Handler
   Definitions
      At line 59 in file ..\Driver\Source\vectors.s
   Uses
      At line 37 in file ..\Driver\Source\vectors.s
      At line 60 in file ..\Driver\Source\vectors.s

IRQ_Addr 00000038

Symbol: IRQ_Addr
   Definitions
      At line 36 in file ..\Driver\Source\vectors.s
   Uses
      At line 24 in file ..\Driver\Source\vectors.s
Comment: IRQ_Addr used once
IRQ_Handler 00000054

Symbol: IRQ_Handler
   Definitions
      At line 57 in file ..\Driver\Source\vectors.s
   Uses
      At line 36 in file ..\Driver\Source\vectors.s
Comment: IRQ_Handler used once
IRQ_Handler1 0000005C

Symbol: IRQ_Handler1
   Definitions
      At line 64 in file ..\Driver\Source\vectors.s
   Uses
      At line 58 in file ..\Driver\Source\vectors.s
Comment: IRQ_Handler1 used once
Prefetch_Addr 0000002C



ARM Macro Assembler    Page 2 Alphabetic symbol ordering
Relocatable symbols


Symbol: Prefetch_Addr
   Definitions
      At line 33 in file ..\Driver\Source\vectors.s
   Uses
      At line 21 in file ..\Driver\Source\vectors.s
Comment: Prefetch_Addr used once
Prefetch_Handler 00000048

Symbol: Prefetch_Handler
   Definitions
      At line 52 in file ..\Driver\Source\vectors.s
   Uses
      At line 33 in file ..\Driver\Source\vectors.s
      At line 53 in file ..\Driver\Source\vectors.s

Reset_Addr 00000020

Symbol: Reset_Addr
   Definitions
      At line 30 in file ..\Driver\Source\vectors.s
   Uses
      None
Comment: Reset_Addr unused
SWI_Addr 00000028

Symbol: SWI_Addr
   Definitions
      At line 32 in file ..\Driver\Source\vectors.s
   Uses
      At line 20 in file ..\Driver\Source\vectors.s
Comment: SWI_Addr used once
SWI_Handler 00000044

Symbol: SWI_Handler
   Definitions
      At line 50 in file ..\Driver\Source\vectors.s
   Uses
      At line 32 in file ..\Driver\Source\vectors.s
Comment: SWI_Handler used once
Undefined_Addr 00000024

Symbol: Undefined_Addr
   Definitions
      At line 31 in file ..\Driver\Source\vectors.s
   Uses
      At line 19 in file ..\Driver\Source\vectors.s
Comment: Undefined_Addr used once
Undefined_Handler 00000040

Symbol: Undefined_Handler
   Definitions
      At line 48 in file ..\Driver\Source\vectors.s
   Uses
      At line 31 in file ..\Driver\Source\vectors.s
      At line 49 in file ..\Driver\Source\vectors.s

Vect 00000000




ARM Macro Assembler    Page 3 Alphabetic symbol ordering
Relocatable symbols

Symbol: Vect
   Definitions
      At line 3 in file ..\Driver\Source\vectors.s
   Uses
      None
Comment: Vect unused
Vector_Table 00000000

Symbol: Vector_Table
   Definitions
      At line 17 in file ..\Driver\Source\vectors.s
   Uses
      At line 6 in file ..\Driver\Source\vectors.s
Comment: Vector_Table used once
16 symbols



ARM Macro Assembler    Page 1 Alphabetic symbol ordering
External symbols

IRQ_Handler2 00000000

Symbol: IRQ_Handler2
   Definitions
      At line 8 in file ..\Driver\Source\vectors.s
   Uses
      At line 76 in file ..\Driver\Source\vectors.s
Comment: IRQ_Handler2 used once
Reset_Go 00000000

Symbol: Reset_Go
   Definitions
      At line 28 in file ..\Driver\Source\vectors.s
   Uses
      At line 18 in file ..\Driver\Source\vectors.s
      At line 30 in file ..\Driver\Source\vectors.s

SWI_Handler2 00000000

Symbol: SWI_Handler2
   Definitions
      At line 7 in file ..\Driver\Source\vectors.s
   Uses
      At line 51 in file ..\Driver\Source\vectors.s
Comment: SWI_Handler2 used once
3 symbols
350 symbols in table
